<?xml version="1.0" encoding="UTF-8"?>
<!-- Generated by org.testng.reporters.JUnitReportReporter -->
<testsuite hostname="DESKTOP-TP0PMHA" name="Testcases.Smoketest" tests="61" failures="0" timestamp="11 Oct 2019 12:27:59 GMT" time="1636.916" errors="2">
  <testcase name="Diary_JobEvent" time="26.357" classname="Testcases.Smoketest"/>
  <testcase name="AddAttachFile" time="18.231" classname="Testcases.Smoketest">
    <error type="java.io.IOException" message="Cannot run program &quot;D:/image.exe&quot;: CreateProcess error=2, The system cannot find the file specified">
      <![CDATA[java.io.IOException: Cannot run program "D:/image.exe": CreateProcess error=2, The system cannot find the file specified
	at java.lang.ProcessBuilder.start(ProcessBuilder.java:1048)
	at java.lang.Runtime.exec(Runtime.java:620)
	at java.lang.Runtime.exec(Runtime.java:450)
	at java.lang.Runtime.exec(Runtime.java:347)
	at Testcases.Smoketest.AddAttachFile(Smoketest.java:279)
	at sun.reflect.NativeMethodAccessorImpl.invoke0(Native Method)
	at sun.reflect.NativeMethodAccessorImpl.invoke(NativeMethodAccessorImpl.java:62)
	at sun.reflect.DelegatingMethodAccessorImpl.invoke(DelegatingMethodAccessorImpl.java:43)
	at java.lang.reflect.Method.invoke(Method.java:498)
	at org.testng.internal.MethodInvocationHelper.invokeMethod(MethodInvocationHelper.java:85)
	at org.testng.internal.Invoker.invokeMethod(Invoker.java:639)
	at org.testng.internal.Invoker.invokeTestMethod(Invoker.java:816)
	at org.testng.internal.Invoker.invokeTestMethods(Invoker.java:1124)
	at org.testng.internal.TestMethodWorker.invokeTestMethods(TestMethodWorker.java:125)
	at org.testng.internal.TestMethodWorker.run(TestMethodWorker.java:108)
	at org.testng.TestRunner.privateRun(TestRunner.java:774)
	at org.testng.TestRunner.run(TestRunner.java:624)
	at org.testng.SuiteRunner.runTest(SuiteRunner.java:359)
	at org.testng.SuiteRunner.runSequentially(SuiteRunner.java:354)
	at org.testng.SuiteRunner.privateRun(SuiteRunner.java:312)
	at org.testng.SuiteRunner.run(SuiteRunner.java:261)
	at org.testng.SuiteRunnerWorker.runSuite(SuiteRunnerWorker.java:52)
	at org.testng.SuiteRunnerWorker.run(SuiteRunnerWorker.java:86)
	at org.testng.TestNG.runSuitesSequentially(TestNG.java:1215)
	at org.testng.TestNG.runSuitesLocally(TestNG.java:1140)
	at org.testng.TestNG.run(TestNG.java:1048)
	at org.testng.remote.AbstractRemoteTestNG.run(AbstractRemoteTestNG.java:115)
	at org.testng.remote.RemoteTestNG.initAndRun(RemoteTestNG.java:251)
	at org.testng.remote.RemoteTestNG.main(RemoteTestNG.java:77)
Caused by: java.io.IOException: CreateProcess error=2, The system cannot find the file specified
	at java.lang.ProcessImpl.create(Native Method)
	at java.lang.ProcessImpl.<init>(ProcessImpl.java:386)
	at java.lang.ProcessImpl.start(ProcessImpl.java:137)
	at java.lang.ProcessBuilder.start(ProcessBuilder.java:1029)
	... 28 more
]]>
    </error>
  </testcase> <!-- AddAttachFile -->
  <testcase name="WorkAddressAddinvoice_Fullbreakdownbycategory" time="31.865" classname="Testcases.Smoketest"/>
  <testcase name="Supplier_creditnote" time="35.091" classname="Testcases.Smoketest"/>
  <testcase name="Editinvoice_NoBreakDown" time="18.806" classname="Testcases.Smoketest"/>
  <testcase name="Diary_JobEventwithnewcustomer" time="37.508" classname="Testcases.Smoketest"/>
  <testcase name="ConvertEstimateToJob" time="67.303" classname="Testcases.Smoketest"/>
  <testcase name="EstimateStatusCheck_accept_TRIAG4316" time="182.700" classname="Testcases.Smoketest"/>
  <testcase name="WorkAddressCreate_job" time="39.391" classname="Testcases.Smoketest"/>
  <testcase name="WorkAddressAddinvoice_Fullbreakdown" time="33.574" classname="Testcases.Smoketest"/>
  <testcase name="Create_Supplier" time="16.704" classname="Testcases.Smoketest"/>
  <testcase name="EstimateStatusCheck_reject_TRIAG4316" time="186.227" classname="Testcases.Smoketest"/>
  <testcase name="WorkAddressEditinvoice_NoBreakDown" time="17.972" classname="Testcases.Smoketest"/>
  <testcase name="View_NoBreakDown" time="14.858" classname="Testcases.Smoketest"/>
  <testcase name="WorkAddressEditinvoice_Breakdownbycategory" time="14.355" classname="Testcases.Smoketest"/>
  <testcase name="JobReminder" time="13.547" classname="Testcases.Smoketest"/>
  <testcase name="WorkAddressAddAttachFile" time="18.168" classname="Testcases.Smoketest">
    <error type="java.io.IOException" message="Cannot run program &quot;D:/image.exe&quot;: CreateProcess error=2, The system cannot find the file specified">
      <![CDATA[java.io.IOException: Cannot run program "D:/image.exe": CreateProcess error=2, The system cannot find the file specified
	at java.lang.ProcessBuilder.start(ProcessBuilder.java:1048)
	at java.lang.Runtime.exec(Runtime.java:620)
	at java.lang.Runtime.exec(Runtime.java:450)
	at java.lang.Runtime.exec(Runtime.java:347)
	at Testcases.Smoketest.WorkAddressAddAttachFile(Smoketest.java:973)
	at sun.reflect.NativeMethodAccessorImpl.invoke0(Native Method)
	at sun.reflect.NativeMethodAccessorImpl.invoke(NativeMethodAccessorImpl.java:62)
	at sun.reflect.DelegatingMethodAccessorImpl.invoke(DelegatingMethodAccessorImpl.java:43)
	at java.lang.reflect.Method.invoke(Method.java:498)
	at org.testng.internal.MethodInvocationHelper.invokeMethod(MethodInvocationHelper.java:85)
	at org.testng.internal.Invoker.invokeMethod(Invoker.java:639)
	at org.testng.internal.Invoker.invokeTestMethod(Invoker.java:816)
	at org.testng.internal.Invoker.invokeTestMethods(Invoker.java:1124)
	at org.testng.internal.TestMethodWorker.invokeTestMethods(TestMethodWorker.java:125)
	at org.testng.internal.TestMethodWorker.run(TestMethodWorker.java:108)
	at org.testng.TestRunner.privateRun(TestRunner.java:774)
	at org.testng.TestRunner.run(TestRunner.java:624)
	at org.testng.SuiteRunner.runTest(SuiteRunner.java:359)
	at org.testng.SuiteRunner.runSequentially(SuiteRunner.java:354)
	at org.testng.SuiteRunner.privateRun(SuiteRunner.java:312)
	at org.testng.SuiteRunner.run(SuiteRunner.java:261)
	at org.testng.SuiteRunnerWorker.runSuite(SuiteRunnerWorker.java:52)
	at org.testng.SuiteRunnerWorker.run(SuiteRunnerWorker.java:86)
	at org.testng.TestNG.runSuitesSequentially(TestNG.java:1215)
	at org.testng.TestNG.runSuitesLocally(TestNG.java:1140)
	at org.testng.TestNG.run(TestNG.java:1048)
	at org.testng.remote.AbstractRemoteTestNG.run(AbstractRemoteTestNG.java:115)
	at org.testng.remote.RemoteTestNG.initAndRun(RemoteTestNG.java:251)
	at org.testng.remote.RemoteTestNG.main(RemoteTestNG.java:77)
Caused by: java.io.IOException: CreateProcess error=2, The system cannot find the file specified
	at java.lang.ProcessImpl.create(Native Method)
	at java.lang.ProcessImpl.<init>(ProcessImpl.java:386)
	at java.lang.ProcessImpl.start(ProcessImpl.java:137)
	at java.lang.ProcessBuilder.start(ProcessBuilder.java:1029)
	... 28 more
]]>
    </error>
  </testcase> <!-- WorkAddressAddAttachFile -->
  <testcase name="WorkAddressView_NoBreakDown" time="14.829" classname="Testcases.Smoketest"/>
  <testcase name="WorkAddressPayment_Breakdownbycategory" time="8.944" classname="Testcases.Smoketest"/>
  <testcase name="Create_Company" time="16.911" classname="Testcases.Smoketest"/>
  <testcase name="Create_customer" time="17.570" classname="Testcases.Smoketest"/>
  <testcase name="OfficeTask" time="16.378" classname="Testcases.Smoketest"/>
  <testcase name="Payment_NoBreakDown" time="9.030" classname="Testcases.Smoketest"/>
  <testcase name="Create_job" time="33.252" classname="Testcases.Smoketest"/>
  <testcase name="WorkAddressEditJobReminder" time="10.533" classname="Testcases.Smoketest"/>
  <testcase name="Payment_Breakdownbycategory" time="8.961" classname="Testcases.Smoketest"/>
  <testcase name="Diary_EstimateEvent" time="27.168" classname="Testcases.Smoketest"/>
  <testcase name="Customer_NotesCommunication" time="19.117" classname="Testcases.Smoketest"/>
  <testcase name="Edit_customer" time="11.922" classname="Testcases.Smoketest"/>
  <testcase name="WorkAddressEdit_job" time="29.036" classname="Testcases.Smoketest"/>
  <testcase name="Edit_Company" time="9.519" classname="Testcases.Smoketest"/>
  <testcase name="WorkAddressPayment_Fullbreakdown" time="13.022" classname="Testcases.Smoketest"/>
  <testcase name="Supplier_Invoice" time="19.503" classname="Testcases.Smoketest"/>
  <testcase name="Company_WorkAddress" time="13.757" classname="Testcases.Smoketest"/>
  <testcase name="service_reminder" time="34.998" classname="Testcases.Smoketest"/>
  <testcase name="Addinvoice_Fullbreakdownbycategory" time="31.780" classname="Testcases.Smoketest"/>
  <testcase name="Supplier_po" time="19.533" classname="Testcases.Smoketest"/>
  <testcase name="Payment_Fullbreakdown" time="12.522" classname="Testcases.Smoketest"/>
  <testcase name="WorkAddressAddinvoice_NoBreakDown" time="15.132" classname="Testcases.Smoketest"/>
  <testcase name="Supplier_EditInvoice" time="20.021" classname="Testcases.Smoketest"/>
  <testcase name="Edit_job" time="24.208" classname="Testcases.Smoketest"/>
  <testcase name="Customer_Createcontact" time="9.244" classname="Testcases.Smoketest"/>
  <testcase name="Customer_AfterSalesCare" time="26.393" classname="Testcases.Smoketest"/>
  <testcase name="SolarSearch" time="3.357" classname="Testcases.Smoketest"/>
  <testcase name="login" time="10.676" classname="Testcases.Smoketest"/>
  <testcase name="RejectEstimate" time="71.287" classname="Testcases.Smoketest"/>
  <testcase name="WorkAddressOfficeTask" time="15.033" classname="Testcases.Smoketest"/>
  <testcase name="CreateWorkAddressEstimate" time="58.728" classname="Testcases.Smoketest"/>
  <testcase name="Edit_Supplier" time="13.390" classname="Testcases.Smoketest"/>
  <testcase name="Create_Companyjob" time="9.200" classname="Testcases.Smoketest"/>
  <testcase name="Edit_WorkAddress" time="9.872" classname="Testcases.Smoketest"/>
  <testcase name="CreateWorkAddress" time="16.795" classname="Testcases.Smoketest"/>
  <testcase name="Addinvoice_Fullbreakdown" time="32.599" classname="Testcases.Smoketest"/>
  <testcase name="EditJobReminder" time="10.782" classname="Testcases.Smoketest"/>
  <testcase name="WorkAddressPayment_NoBreakDown" time="9.080" classname="Testcases.Smoketest"/>
  <testcase name="Diary_NormallEvent" time="18.959" classname="Testcases.Smoketest"/>
  <testcase name="Addinvoice_Breakdownbycategory" time="31.572" classname="Testcases.Smoketest"/>
  <testcase name="Addinvoice_NoBreakDown" time="14.983" classname="Testcases.Smoketest"/>
  <testcase name="Editinvoice_Breakdownbycategory" time="14.388" classname="Testcases.Smoketest"/>
  <testcase name="WorkAddressJobReminder" time="15.612" classname="Testcases.Smoketest"/>
  <testcase name="WorkAddressAddinvoice_Breakdownbycategory" time="34.663" classname="Testcases.Smoketest"/>
</testsuite> <!-- Testcases.Smoketest -->
