<?xml version="1.0" encoding="UTF-8"?>
<!-- Generated by org.testng.reporters.JUnitXMLReporter -->
<testsuite hostname="DESKTOP-TP0PMHA" name="Default test" tests="61" failures="2" timestamp="11 Oct 2019 12:27:59 GMT" time="1649.014" errors="0">
  <testcase name="login" time="10.592" classname="Testcases.Smoketest"/>
  <testcase name="Create_customer" time="17.51" classname="Testcases.Smoketest"/>
  <testcase name="Edit_customer" time="11.858" classname="Testcases.Smoketest"/>
  <testcase name="Create_job" time="33.176" classname="Testcases.Smoketest"/>
  <testcase name="Edit_job" time="23.006" classname="Testcases.Smoketest"/>
  <testcase name="OfficeTask" time="16.308" classname="Testcases.Smoketest"/>
  <testcase name="JobReminder" time="13.476" classname="Testcases.Smoketest"/>
  <testcase name="EditJobReminder" time="10.282" classname="Testcases.Smoketest"/>
  <testcase name="AddAttachFile" time="18.168" classname="Testcases.Smoketest">
    <failure type="java.io.IOException" message="Cannot run program &amp;quot;D:/image.exe&amp;quot;: CreateProcess error=2, The system cannot find the file specified">
      <![CDATA[java.io.IOException: Cannot run program "D:/image.exe": CreateProcess error=2, The system cannot find the file specified
	at java.lang.ProcessBuilder.start(ProcessBuilder.java:1048)
	at java.lang.Runtime.exec(Runtime.java:620)
	at java.lang.Runtime.exec(Runtime.java:450)
	at java.lang.Runtime.exec(Runtime.java:347)
	at Testcases.Smoketest.AddAttachFile(Smoketest.java:279)
	at sun.reflect.NativeMethodAccessorImpl.invoke0(Native Method)
	at sun.reflect.NativeMethodAccessorImpl.invoke(NativeMethodAccessorImpl.java:62)
	at sun.reflect.DelegatingMethodAccessorImpl.invoke(DelegatingMethodAccessorImpl.java:43)
	at java.lang.reflect.Method.invoke(Method.java:498)
	at org.testng.internal.MethodInvocationHelper.invokeMethod(MethodInvocationHelper.java:85)
	at org.testng.internal.Invoker.invokeMethod(Invoker.java:639)
	at org.testng.internal.Invoker.invokeTestMethod(Invoker.java:816)
	at org.testng.internal.Invoker.invokeTestMethods(Invoker.java:1124)
	at org.testng.internal.TestMethodWorker.invokeTestMethods(TestMethodWorker.java:125)
	at org.testng.internal.TestMethodWorker.run(TestMethodWorker.java:108)
	at org.testng.TestRunner.privateRun(TestRunner.java:774)
	at org.testng.TestRunner.run(TestRunner.java:624)
	at org.testng.SuiteRunner.runTest(SuiteRunner.java:359)
	at org.testng.SuiteRunner.runSequentially(SuiteRunner.java:354)
	at org.testng.SuiteRunner.privateRun(SuiteRunner.java:312)
	at org.testng.SuiteRunner.run(SuiteRunner.java:261)
	at org.testng.SuiteRunnerWorker.runSuite(SuiteRunnerWorker.java:52)
	at org.testng.SuiteRunnerWorker.run(SuiteRunnerWorker.java:86)
	at org.testng.TestNG.runSuitesSequentially(TestNG.java:1215)
	at org.testng.TestNG.runSuitesLocally(TestNG.java:1140)
	at org.testng.TestNG.run(TestNG.java:1048)
	at org.testng.remote.AbstractRemoteTestNG.run(AbstractRemoteTestNG.java:115)
	at org.testng.remote.RemoteTestNG.initAndRun(RemoteTestNG.java:251)
	at org.testng.remote.RemoteTestNG.main(RemoteTestNG.java:77)
Caused by: java.io.IOException: CreateProcess error=2, The system cannot find the file specified
	at java.lang.ProcessImpl.create(Native Method)
	at java.lang.ProcessImpl.<init>(ProcessImpl.java:386)
	at java.lang.ProcessImpl.start(ProcessImpl.java:137)
	at java.lang.ProcessBuilder.start(ProcessBuilder.java:1029)
	... 28 more
]]>
    </failure>
  </testcase> <!-- AddAttachFile -->
  <testcase name="Addinvoice_NoBreakDown" time="14.883" classname="Testcases.Smoketest"/>
  <testcase name="Editinvoice_NoBreakDown" time="18.729" classname="Testcases.Smoketest"/>
  <testcase name="View_NoBreakDown" time="14.797" classname="Testcases.Smoketest"/>
  <testcase name="Payment_NoBreakDown" time="8.971" classname="Testcases.Smoketest"/>
  <testcase name="Addinvoice_Breakdownbycategory" time="31.507" classname="Testcases.Smoketest"/>
  <testcase name="Editinvoice_Breakdownbycategory" time="14.345" classname="Testcases.Smoketest"/>
  <testcase name="Payment_Breakdownbycategory" time="8.883" classname="Testcases.Smoketest"/>
  <testcase name="Addinvoice_Fullbreakdown" time="32.517" classname="Testcases.Smoketest"/>
  <testcase name="Payment_Fullbreakdown" time="12.421" classname="Testcases.Smoketest"/>
  <testcase name="Addinvoice_Fullbreakdownbycategory" time="31.711" classname="Testcases.Smoketest"/>
  <testcase name="RejectEstimate" time="71.23" classname="Testcases.Smoketest"/>
  <testcase name="ConvertEstimateToJob" time="67.205" classname="Testcases.Smoketest"/>
  <testcase name="CreateWorkAddress" time="16.742" classname="Testcases.Smoketest"/>
  <testcase name="Edit_WorkAddress" time="9.803" classname="Testcases.Smoketest"/>
  <testcase name="WorkAddressCreate_job" time="39.307" classname="Testcases.Smoketest"/>
  <testcase name="WorkAddressEdit_job" time="28.495" classname="Testcases.Smoketest"/>
  <testcase name="WorkAddressOfficeTask" time="14.958" classname="Testcases.Smoketest"/>
  <testcase name="WorkAddressJobReminder" time="15.526" classname="Testcases.Smoketest"/>
  <testcase name="WorkAddressEditJobReminder" time="10.461" classname="Testcases.Smoketest"/>
  <testcase name="WorkAddressAddAttachFile" time="18.108" classname="Testcases.Smoketest">
    <failure type="java.io.IOException" message="Cannot run program &amp;quot;D:/image.exe&amp;quot;: CreateProcess error=2, The system cannot find the file specified">
      <![CDATA[java.io.IOException: Cannot run program "D:/image.exe": CreateProcess error=2, The system cannot find the file specified
	at java.lang.ProcessBuilder.start(ProcessBuilder.java:1048)
	at java.lang.Runtime.exec(Runtime.java:620)
	at java.lang.Runtime.exec(Runtime.java:450)
	at java.lang.Runtime.exec(Runtime.java:347)
	at Testcases.Smoketest.WorkAddressAddAttachFile(Smoketest.java:973)
	at sun.reflect.NativeMethodAccessorImpl.invoke0(Native Method)
	at sun.reflect.NativeMethodAccessorImpl.invoke(NativeMethodAccessorImpl.java:62)
	at sun.reflect.DelegatingMethodAccessorImpl.invoke(DelegatingMethodAccessorImpl.java:43)
	at java.lang.reflect.Method.invoke(Method.java:498)
	at org.testng.internal.MethodInvocationHelper.invokeMethod(MethodInvocationHelper.java:85)
	at org.testng.internal.Invoker.invokeMethod(Invoker.java:639)
	at org.testng.internal.Invoker.invokeTestMethod(Invoker.java:816)
	at org.testng.internal.Invoker.invokeTestMethods(Invoker.java:1124)
	at org.testng.internal.TestMethodWorker.invokeTestMethods(TestMethodWorker.java:125)
	at org.testng.internal.TestMethodWorker.run(TestMethodWorker.java:108)
	at org.testng.TestRunner.privateRun(TestRunner.java:774)
	at org.testng.TestRunner.run(TestRunner.java:624)
	at org.testng.SuiteRunner.runTest(SuiteRunner.java:359)
	at org.testng.SuiteRunner.runSequentially(SuiteRunner.java:354)
	at org.testng.SuiteRunner.privateRun(SuiteRunner.java:312)
	at org.testng.SuiteRunner.run(SuiteRunner.java:261)
	at org.testng.SuiteRunnerWorker.runSuite(SuiteRunnerWorker.java:52)
	at org.testng.SuiteRunnerWorker.run(SuiteRunnerWorker.java:86)
	at org.testng.TestNG.runSuitesSequentially(TestNG.java:1215)
	at org.testng.TestNG.runSuitesLocally(TestNG.java:1140)
	at org.testng.TestNG.run(TestNG.java:1048)
	at org.testng.remote.AbstractRemoteTestNG.run(AbstractRemoteTestNG.java:115)
	at org.testng.remote.RemoteTestNG.initAndRun(RemoteTestNG.java:251)
	at org.testng.remote.RemoteTestNG.main(RemoteTestNG.java:77)
Caused by: java.io.IOException: CreateProcess error=2, The system cannot find the file specified
	at java.lang.ProcessImpl.create(Native Method)
	at java.lang.ProcessImpl.<init>(ProcessImpl.java:386)
	at java.lang.ProcessImpl.start(ProcessImpl.java:137)
	at java.lang.ProcessBuilder.start(ProcessBuilder.java:1029)
	... 28 more
]]>
    </failure>
  </testcase> <!-- WorkAddressAddAttachFile -->
  <testcase name="WorkAddressAddinvoice_NoBreakDown" time="15.065" classname="Testcases.Smoketest"/>
  <testcase name="WorkAddressEditinvoice_NoBreakDown" time="17.881" classname="Testcases.Smoketest"/>
  <testcase name="WorkAddressView_NoBreakDown" time="14.764" classname="Testcases.Smoketest"/>
  <testcase name="WorkAddressPayment_NoBreakDown" time="9.004" classname="Testcases.Smoketest"/>
  <testcase name="WorkAddressAddinvoice_Breakdownbycategory" time="34.583" classname="Testcases.Smoketest"/>
  <testcase name="WorkAddressEditinvoice_Breakdownbycategory" time="14.301" classname="Testcases.Smoketest"/>
  <testcase name="WorkAddressPayment_Breakdownbycategory" time="8.854" classname="Testcases.Smoketest"/>
  <testcase name="WorkAddressAddinvoice_Fullbreakdown" time="33.493" classname="Testcases.Smoketest"/>
  <testcase name="WorkAddressPayment_Fullbreakdown" time="12.96" classname="Testcases.Smoketest"/>
  <testcase name="WorkAddressAddinvoice_Fullbreakdownbycategory" time="31.801" classname="Testcases.Smoketest"/>
  <testcase name="CreateWorkAddressEstimate" time="58.667" classname="Testcases.Smoketest"/>
  <testcase name="Diary_NormallEvent" time="18.891" classname="Testcases.Smoketest"/>
  <testcase name="Diary_EstimateEvent" time="27.082" classname="Testcases.Smoketest"/>
  <testcase name="Diary_JobEvent" time="26.228" classname="Testcases.Smoketest"/>
  <testcase name="Diary_JobEventwithnewcustomer" time="37.431" classname="Testcases.Smoketest"/>
  <testcase name="Create_Supplier" time="16.652" classname="Testcases.Smoketest"/>
  <testcase name="Edit_Supplier" time="13.324" classname="Testcases.Smoketest"/>
  <testcase name="Supplier_po" time="19.475" classname="Testcases.Smoketest"/>
  <testcase name="Supplier_Invoice" time="19.435" classname="Testcases.Smoketest"/>
  <testcase name="Supplier_EditInvoice" time="19.952" classname="Testcases.Smoketest"/>
  <testcase name="Supplier_creditnote" time="35.04" classname="Testcases.Smoketest"/>
  <testcase name="Create_Company" time="16.823" classname="Testcases.Smoketest"/>
  <testcase name="Edit_Company" time="9.44" classname="Testcases.Smoketest"/>
  <testcase name="Create_Companyjob" time="9.122" classname="Testcases.Smoketest"/>
  <testcase name="Company_WorkAddress" time="13.684" classname="Testcases.Smoketest"/>
  <testcase name="SolarSearch" time="3.297" classname="Testcases.Smoketest"/>
  <testcase name="Customer_AfterSalesCare" time="26.306" classname="Testcases.Smoketest"/>
  <testcase name="service_reminder" time="34.92" classname="Testcases.Smoketest"/>
  <testcase name="Customer_NotesCommunication" time="19.057" classname="Testcases.Smoketest"/>
  <testcase name="Customer_Createcontact" time="9.177" classname="Testcases.Smoketest"/>
  <testcase name="EstimateStatusCheck_accept_TRIAG4316" time="182.632" classname="Testcases.Smoketest"/>
  <testcase name="EstimateStatusCheck_reject_TRIAG4316" time="186.147" classname="Testcases.Smoketest"/>
</testsuite> <!-- Default test -->
